<?xml version="1.0" encoding="UTF-8"?>
<!-- Generated by org.testng.reporters.JUnitReportReporter -->
<testsuite hostname="faruks-MacBook-Air.local" failures="0" tests="1" name="src.test.Academy.HomePageTest" time="78.456" errors="0" timestamp="2022-08-21T16:59:58 TRT" skipped="0">
  <testcase classname="src.test.Academy.HomePageTest" name="HomePageVerification" time="78.456"/>
  <system-out/>
</testsuite> <!-- src.test.Academy.HomePageTest -->
